Base path: '/home/julian/Unity/Hub/Editor/2019.4.8f1/Editor/Data', plugins path '/home/julian/Unity/Hub/Editor/2019.4.8f1/Editor/Data/PlaybackEngines'
Cmd: initializeCompiler
Cmd: initializeCompiler
Cmd: compileComputeKernel
  api=15 insize=18731 outsize=16878 ok=1
Cmd: compileComputeKernel
  api=15 insize=18731 outsize=16386 ok=1
Cmd: compileComputeKernel
  api=15 insize=18731 outsize=25716 ok=1
Cmd: compileComputeKernel
  api=18 insize=18731 outsize=33049 ok=1
Cmd: compileComputeKernel
  api=18 insize=18731 outsize=34381 ok=1
Cmd: compileComputeKernel
  api=18 insize=18731 outsize=57258 ok=1
Cmd: compileComputeKernel
  api=18 insize=1505 outsize=6787 ok=1
Cmd: compileComputeKernel
  api=15 insize=5032 outsize=8575 ok=1
Cmd: compileComputeKernel
  api=18 insize=5032 outsize=17333 ok=1
Cmd: compileComputeKernel
  api=18 insize=1864 outsize=6517 ok=1
Cmd: compileComputeKernel
  api=18 insize=3158 outsize=200276 ok=1
Cmd: compileComputeKernel
  api=15 insize=11176 outsize=21931 ok=1
Cmd: compileComputeKernel
  api=15 insize=2120 outsize=2120 ok=1
Cmd: compileComputeKernel
  api=18 insize=2134 outsize=7107 ok=1
Cmd: compileComputeKernel
  api=18 insize=3174 outsize=5636 ok=1
Cmd: compileSnippet
  api=15 type=1 insize=11809 outsize=0 kw=FINALPASS pd=UNITY_ENABLE_REFLECTION_BUFFERS UNITY_USE_DITHER_MASK_FOR_ALPHABLENDED_SHADOWS UNITY_PBS_USE_BRDF1 UNITY_SPECCUBE_BOX_PROJECTION UNITY_SPECCUBE_BLENDING UNITY_ENABLE_DETAIL_NORMALMAP SHADER_API_DESKTOP UNITY_LIGHT_PROBE_PROXY_VOLUME UNITY_LIGHTMAP_FULL_HDR ok=1
Cmd: compileSnippet
  api=15 type=1 insize=4008 outsize=0 kw=FXAA pd=UNITY_ENABLE_REFLECTION_BUFFERS UNITY_USE_DITHER_MASK_FOR_ALPHABLENDED_SHADOWS UNITY_PBS_USE_BRDF1 UNITY_SPECCUBE_BOX_PROJECTION UNITY_SPECCUBE_BLENDING UNITY_ENABLE_DETAIL_NORMALMAP SHADER_API_DESKTOP UNITY_LIGHT_PROBE_PROXY_VOLUME UNITY_LIGHTMAP_FULL_HDR ok=1
Cmd: compileSnippet
  api=15 type=1 insize=11850 outsize=0 kw=SHADOWS_SPLIT_SPHERES pd=UNITY_ENABLE_REFLECTION_BUFFERS UNITY_USE_DITHER_MASK_FOR_ALPHABLENDED_SHADOWS UNITY_PBS_USE_BRDF1 UNITY_SPECCUBE_BOX_PROJECTION UNITY_SPECCUBE_BLENDING UNITY_ENABLE_DETAIL_NORMALMAP SHADER_API_DESKTOP UNITY_LIGHT_PROBE_PROXY_VOLUME UNITY_LIGHTMAP_FULL_HDR ok=1
Cmd: compileSnippet
  api=15 type=1 insize=5835 outsize=0 kw= pd=UNITY_ENABLE_REFLECTION_BUFFERS UNITY_USE_DITHER_MASK_FOR_ALPHABLENDED_SHADOWS UNITY_PBS_USE_BRDF1 UNITY_SPECCUBE_BOX_PROJECTION UNITY_SPECCUBE_BLENDING UNITY_ENABLE_DETAIL_NORMALMAP SHADER_API_DESKTOP UNITY_LIGHT_PROBE_PROXY_VOLUME UNITY_LIGHTMAP_FULL_HDR ok=1
Cmd: compileSnippet
  api=15 type=1 insize=11809 outsize=0 kw=BLOOM VIGNETTE pd=UNITY_ENABLE_REFLECTION_BUFFERS UNITY_USE_DITHER_MASK_FOR_ALPHABLENDED_SHADOWS UNITY_PBS_USE_BRDF1 UNITY_SPECCUBE_BOX_PROJECTION UNITY_SPECCUBE_BLENDING UNITY_ENABLE_DETAIL_NORMALMAP SHADER_API_DESKTOP UNITY_LIGHT_PROBE_PROXY_VOLUME UNITY_LIGHTMAP_FULL_HDR ok=1
